<?xml version="1.0" encoding="UTF-8"?>
<!-- Generated by org.testng.reporters.JUnitXMLReporter -->
<testsuite hostname="FSCMJK2Y7H2" ignored="0" name="test" tests="4" failures="0" timestamp="08 Jun 2018 21:06:25 GMT" time="80.099" errors="0">
  <testcase name="verify_user_is_able_to_login" time="6.503" classname="com.mytest.LoginTest"/>
  <testcase name="verify_when_email_id_is_wrong" time="8.046" classname="com.mytest.LoginTest"/>
  <testcase name="verify_When_password_id_is_wrong" time="7.662" classname="com.mytest.LoginTest"/>
  <testcase name="verify_when_both_emailid_and_password_id_are_wrong" time="7.755" classname="com.mytest.LoginTest"/>
</testsuite> <!-- test -->
