<?xml version="1.0" encoding="UTF-8"?>
<!-- Generated by org.testng.reporters.JUnitXMLReporter -->
<testsuite hostname="FSCMJK2Y7H2" ignored="3" name="Command line test" tests="2" failures="0" timestamp="10 Jul 2018 20:45:58 GMT" time="0.051" errors="0">
  <testcase name="@BeforeTest beforeTest" time="0.0" classname="com.mypages.TestBaseClass">
    <failure type="org.testng.TestNGException" message="
Parameter &amp;apos;environment&amp;apos; is required by BeforeTest on method beforeTest but has not been marked @Optional or defined
">
      <![CDATA[org.testng.TestNGException: 
Parameter 'environment' is required by BeforeTest on method beforeTest but has not been marked @Optional or defined

... Removed 30 stack frames]]>
    </failure>
  </testcase> <!-- @BeforeTest beforeTest -->
  <testcase name="@BeforeMethod beforeOwnMethod" time="0.0" classname="com.mypages.TestBaseClass">
    <skipped/>
  </testcase> <!-- @BeforeMethod beforeOwnMethod -->
  <testcase name="@BeforeMethod beforeOwnMethod" time="0.0" classname="com.mypages.TestBaseClass">
    <skipped/>
  </testcase> <!-- @BeforeMethod beforeOwnMethod -->
  <testcase name="verify_user_is_able_to_login" time="0.0" classname="com.mytest.LoginTest">
    <skipped/>
  </testcase> <!-- verify_user_is_able_to_login -->
  <testcase name="regTest" time="0.0" classname="com.mytest.RegistrationTest">
    <skipped/>
  </testcase> <!-- regTest -->
  <testcase name="@BeforeTest beforeTest" time="0.0" classname="com.mypages.TestBaseClass">
    <ignored/>
  </testcase> <!-- @BeforeTest beforeTest -->
  <testcase name="@BeforeTest beforeTest" time="0.0" classname="com.mypages.TestBaseClass">
    <ignored/>
  </testcase> <!-- @BeforeTest beforeTest -->
  <testcase name="@BeforeTest beforeTest" time="0.0" classname="com.mypages.TestBaseClass">
    <ignored/>
  </testcase> <!-- @BeforeTest beforeTest -->
</testsuite> <!-- Command line test -->
